<?xml version="1.0" encoding="UTF-8"?>
<!-- Generated by org.testng.reporters.JUnitXMLReporter -->
<testsuite hostname="Hasankas-Mac.local" name="Default test" tests="3" failures="0" timestamp="24 Jan 2015 14:56:28 GMT" time="0.062" errors="0">
  <testcase name="testGetTimeAddedDate" time="0.016" classname="logic.CalenderUtilTest"/>
  <testcase name="testGetTimeAddedDate" time="0.002" classname="logic.CalenderUtilTest"/>
  <testcase name="testGetTimeAddedDate" time="0.002" classname="logic.CalenderUtilTest"/>
</testsuite> <!-- Default test -->
